# Preference setting overrides
gui_create_pref_key -category {Globals} -key {load_detail_for_funcov} -value_type {bool} -value {false}

# State setting overrides
gui_state_default_create -off -ini
gui_set_state_value -category Layout -key child_console_size_x -value 712
gui_set_state_value -category Layout -key child_console_size_y -value 173
gui_set_state_value -category Layout -key child_data_size_x -value 168
gui_set_state_value -category Layout -key child_data_size_y -value 359
gui_set_state_value -category Layout -key child_hier_col3 -value {-1}
gui_set_state_value -category Layout -key child_hier_colpd -value 0
gui_set_state_value -category Layout -key child_hier_size_x -value 168
gui_set_state_value -category Layout -key child_hier_size_y -value 359
gui_set_state_value -category Layout -key child_source_docknewline -value false
gui_set_state_value -category Layout -key child_source_pos_x -value {-2}
gui_set_state_value -category Layout -key child_source_pos_y -value {-17}
gui_set_state_value -category Layout -key child_source_size_x -value 379
gui_set_state_value -category Layout -key child_source_size_y -value 355
gui_set_state_value -category Layout -key child_wave_colname -value 137
gui_set_state_value -category Layout -key child_wave_colvalue -value 137
gui_set_state_value -category Layout -key child_wave_left -value 278
gui_set_state_value -category Layout -key child_wave_right -value 677
gui_set_state_value -category Layout -key main_pos_x -value 137
gui_set_state_value -category Layout -key main_pos_y -value 73
gui_set_state_value -category Layout -key main_size_x -value 849
gui_set_state_value -category Layout -key main_size_y -value 775
gui_set_state_value -category Layout -key stand_wave_child_docknewline -value false
gui_set_state_value -category Layout -key stand_wave_child_pos_x -value {-2}
gui_set_state_value -category Layout -key stand_wave_child_pos_y -value {-17}
gui_set_state_value -category Layout -key stand_wave_child_size_x -value 965
gui_set_state_value -category Layout -key stand_wave_child_size_y -value 448
gui_set_state_value -category Layout -key stand_wave_top_pos_x -value 132
gui_set_state_value -category Layout -key stand_wave_top_pos_y -value 185
gui_set_state_value -category Layout -key stand_wave_top_size_x -value 1092
gui_set_state_value -category Layout -key stand_wave_top_size_y -value 779
gui_create_state_key -category FindDialog -key m_pMatchCase -value_type bool -value false
gui_create_state_key -category FindDialog -key m_pMatchWord -value_type bool -value false
gui_create_state_key -category FindDialog -key m_pUseCombo -value_type string -value {}
gui_create_state_key -category FindDialog -key m_pWrapAround -value_type bool -value true
gui_create_state_key -category Widget_History -key {dlgSimSetup|m_setupTab|tab pages|BuildTab|m_rebuildBtnGroup|m_customCmdCombo} -value_type string -value {{vcs -sverilog -R vcs_test.sv}}
gui_create_state_key -category Widget_History -key {dlgSimSetup|m_setupTab|tab pages|BuildTab|m_rebuildBtnGroup|m_customDirCombo} -value_type string -value /afs/ece.cmu.edu/usr/zhuoran2/Private/240/Lab0/
gui_create_state_key -category Widget_History -key {dlgSimSetup|m_setupTab|tab pages|SimTab|m_VPDCombo} -value_type string -value inter.vpd
gui_create_state_key -category Widget_History -key {dlgSimSetup|m_setupTab|tab pages|SimTab|m_argsCombo} -value_type string -value {{-ucligui }}
gui_create_state_key -category Widget_History -key {dlgSimSetup|m_setupTab|tab pages|SimTab|m_curDirCombo} -value_type string -value /afs/ece.cmu.edu/usr/zhuoran2/Private/240/Lab0
gui_create_state_key -category Widget_History -key {dlgSimSetup|m_setupTab|tab pages|SimTab|m_exeCombo} -value_type string -value {./simv /afs/ece.cmu.edu/usr/zhuoran2/Private/240/Lab0/simv}
gui_state_default_create -off

# Begin command logging
gui_sim_run Ucli -exe ./simv -args {-ucligui  } -dir .
gui_list_expand -id  Hier.1   task1_test
gui_list_expand -id  Hier.1   task1_test.dut
gui_list_select -id Data.1 -selected  { task1_test.dut.f.isPos   }
gui_list_select -id Data.1 -selected  { task1_test.dut.f.isPos  task1_test.dut.f.isNeg   }
gui_open_window Wave
gui_list_add -id Wave.1 -from Data.1 { task1_test.dut.f.isPos task1_test.dut.f.isNeg } -insertionbar
gui_sim_continue  
gui_sim_stop 
gui_list_select -id Hier.1 -current_item_name task1_test.dut -current_item_type Scope  -selected  { task1_test.dut   }
gui_list_select -id Data.1 -selected  { {task1_test.dut.pattern_data[7:0]}   }
gui_list_add -id Wave.1 -from Data.1 { {task1_test.dut.pattern_data[7:0]} } -insertionbar
gui_list_select -id Hier.1 -current_item_name task1_test.dut.f -current_item_type Scope  -selected  { task1_test.dut.f   }
gui_sim_continue  
gui_sim_stop 
gui_set_env SIMSETUP::SIMCURRENTDIR /afs/ece.cmu.edu/usr/zhuoran2/Private/240/Lab5
gui_sim_restart
gui_sim_continue  
gui_sim_stop 
gui_list_select -id Wave.1 -selected  { task1_test.dut.f.isPos   }
gui_get_drivers -id Wave.1 -signal task1_test.dut.f.isPos
gui_marker_move -id  Wave.1 C1 17
gui_marker_move -id  Wave.1 C1 10
gui_list_select -id DriverLoad.1 -selected  { {lab5.sv 450 0.5}   }
gui_marker_move -id  Wave.1 C1 0
gui_list_expand -id  DriverLoad.1   {lab5.sv 450 0.5}
gui_list_expand -id  DriverLoad.1   {Sim:task1_test.dut.pattern_data[7:0] 0 0.5.0}
gui_list_select -id DriverLoad.1 -selected  { {lab5.sv 56 0.5.0.0}   }
gui_list_collapse -id  DriverLoad.1   {Sim:task1_test.dut.pattern_data[7:0] 0 0.5.0}
gui_list_select -id DriverLoad.1 -selected  { {Sim:task1_test.dut.pattern_data[7:0] 0 0.5.0}   }
gui_list_select -id Data.1 -selected  { task1_test.dut.isPos   }
gui_list_select -id Data.1 -selected  { task1_test.dut.isRep   }
gui_list_add -id Wave.1 -from Data.1 { task1_test.dut.isRep } -insertionbar
gui_list_select -id Data.1 -selected  { task1_test.dut.isDash   }
gui_list_select -id Data.1 -selected  { task1_test.dut.isDash  task1_test.dut.isLetter  task1_test.dut.isBar  task1_test.dut.isSlash   }
gui_list_add -id Wave.1 -from Data.1 { task1_test.dut.isDash task1_test.dut.isLetter task1_test.dut.isBar task1_test.dut.isSlash } -insertionbar
gui_sim_restart
gui_sim_continue  
gui_sim_stop 
gui_src_expand -id { Source.1 } -fid  0  -line 271
gui_list_select -id Data.1 -selected  { {task1_test.dut.cnt_data[5:0]}   }
gui_list_add -id Wave.1 -from Data.1 { {task1_test.dut.cnt_data[5:0]} } -insertionbar
gui_sim_restart
gui_sim_continue  
gui_sim_stop 
gui_marker_move -id  Wave.1 C1 12
gui_list_select -id Wave.1 -selected  { {task1_test.dut.cnt_data[5:0]}   }
gui_get_drivers -id Wave.1 -signal {task1_test.dut.cnt_data[5:0]}
gui_list_select -id DriverLoad.1 -selected  { {Sim:task1_test.dut.cnt_data[5:0] 0 0}   }
gui_list_select -id DriverLoad.1 -selected  { {lab5.sv 437 0.1}   }
gui_list_expand -id  DriverLoad.1   {lab5.sv 437 0.1}
gui_list_select -id Wave.1 -selected  { task1_test.dut.isBar   }
gui_get_drivers -id Wave.1 -signal task1_test.dut.isBar
gui_list_select -id Wave.1 -selected  { {task1_test.dut.cnt_data[5:0]}   }
gui_marker_move -id  Wave.1 C1 0
gui_trace_value -id Wave.1 -signal {task1_test.dut.cnt_data[5:0]} -time 0
gui_list_select -id DriverLoad.1 -selected  { {lab5.sv 380 1.0}   }
gui_list_select -id DriverLoad.1 -selected  { {lab5.sv 385 1.1}   }
gui_list_select -id DriverLoad.1 -selected  { {lab5.sv 380 1.0}   }
gui_list_select -id Data.1 -selected  { task1_test.dut.init_count   }
gui_list_add -id Wave.1 -from Data.1 { task1_test.dut.init_count } -insertionbar
gui_sim_restart
gui_sim_continue  
gui_sim_stop 
gui_marker_move -id  Wave.1 C1 0
gui_marker_move -id  Wave.1 C1 0
gui_marker_move -id  Wave.1 C1 11
gui_list_select -id Wave.1 -selected  { task1_test.dut.init_count   }
gui_get_drivers -id Wave.1 -signal task1_test.dut.init_count
