# Preference setting overrides
gui_create_pref_key -category {Globals} -key {load_detail_for_funcov} -value_type {bool} -value {false}

# State setting overrides
gui_state_default_create -off -ini
gui_set_state_value -category Layout -key child_console_size_x -value 705
gui_set_state_value -category Layout -key child_console_size_y -value 167
gui_set_state_value -category Layout -key child_data_size_x -value 162
gui_set_state_value -category Layout -key child_data_size_y -value 358
gui_set_state_value -category Layout -key child_driver_size_x -value 399
gui_set_state_value -category Layout -key child_driver_size_y -value 179
gui_set_state_value -category Layout -key child_hier_col3 -value {-1}
gui_set_state_value -category Layout -key child_hier_colpd -value 0
gui_set_state_value -category Layout -key child_hier_size_x -value 162
gui_set_state_value -category Layout -key child_hier_size_y -value 358
gui_set_state_value -category Layout -key child_source_docknewline -value false
gui_set_state_value -category Layout -key child_source_pos_x -value {-2}
gui_set_state_value -category Layout -key child_source_pos_y -value {-17}
gui_set_state_value -category Layout -key child_source_size_x -value 384
gui_set_state_value -category Layout -key child_source_size_y -value 354
gui_set_state_value -category Layout -key child_wave_colname -value 173
gui_set_state_value -category Layout -key child_wave_colvalue -value 174
gui_set_state_value -category Layout -key child_wave_left -value 351
gui_set_state_value -category Layout -key child_wave_right -value 857
gui_set_state_value -category Layout -key main_pos_x -value 77
gui_set_state_value -category Layout -key main_pos_y -value 77
gui_set_state_value -category Layout -key main_size_x -value 782
gui_set_state_value -category Layout -key main_size_y -value 772
gui_set_state_value -category Layout -key stand_wave_child_docknewline -value false
gui_set_state_value -category Layout -key stand_wave_child_pos_x -value {-2}
gui_set_state_value -category Layout -key stand_wave_child_pos_y -value {-17}
gui_set_state_value -category Layout -key stand_wave_child_size_x -value 1218
gui_set_state_value -category Layout -key stand_wave_child_size_y -value 573
gui_set_state_value -category Layout -key stand_wave_top_pos_x -value 79
gui_set_state_value -category Layout -key stand_wave_top_pos_y -value 62
gui_set_state_value -category Layout -key stand_wave_top_size_x -value 1292
gui_set_state_value -category Layout -key stand_wave_top_size_y -value 753
gui_create_state_key -category FindDialog -key m_pMatchCase -value_type bool -value false
gui_create_state_key -category FindDialog -key m_pMatchWord -value_type bool -value false
gui_create_state_key -category FindDialog -key m_pUseCombo -value_type string -value {}
gui_create_state_key -category FindDialog -key m_pWrapAround -value_type bool -value true
gui_create_state_key -category Widget_History -key {dlgSimSetup|m_setupTab|tab pages|BuildTab|m_rebuildBtnGroup|m_customCmdCombo} -value_type string -value {{vcs -sverilog -R vcs_test.sv}}
gui_create_state_key -category Widget_History -key {dlgSimSetup|m_setupTab|tab pages|BuildTab|m_rebuildBtnGroup|m_customDirCombo} -value_type string -value /afs/ece.cmu.edu/usr/zhuoran2/Private/240/Lab0/
gui_create_state_key -category Widget_History -key {dlgSimSetup|m_setupTab|tab pages|SimTab|m_VPDCombo} -value_type string -value inter.vpd
gui_create_state_key -category Widget_History -key {dlgSimSetup|m_setupTab|tab pages|SimTab|m_argsCombo} -value_type string -value {{-ucligui }}
gui_create_state_key -category Widget_History -key {dlgSimSetup|m_setupTab|tab pages|SimTab|m_curDirCombo} -value_type string -value {/afs/ece.cmu.edu/usr/zhuoran2/Private/240/Lab5 /afs/ece.cmu.edu/usr/zhuoran2/Private/240/Lab0}
gui_create_state_key -category Widget_History -key {dlgSimSetup|m_setupTab|tab pages|SimTab|m_exeCombo} -value_type string -value {./simv /afs/ece.cmu.edu/usr/zhuoran2/Private/240/Lab5/simv /afs/ece.cmu.edu/usr/zhuoran2/Private/240/Lab0/simv}
gui_state_default_create -off

# Begin command logging
gui_sim_run Ucli -exe ./simv -args {-ucligui  } -dir .
gui_list_select -id Data.1 -selected  { task1_test.isRep   }
gui_list_select -id Data.1 -selected  { task1_test.error  task1_test.found_it  task1_test.pattern_end  task1_test.isRep   }
gui_open_window Wave
gui_list_add -id Wave.1 -from Data.1 { task1_test.error task1_test.found_it task1_test.pattern_end task1_test.isRep } -insertionbar
gui_sim_continue  
gui_list_select -id Wave.1 -selected  { task1_test.pattern_end   }
gui_marker_move -id  Wave.1 C1 288
gui_list_select -id Wave.1 -selected  { task1_test.isRep   }
gui_marker_move -id  Wave.1 C1 355
gui_marker_move -id  Wave.1 C1 322
gui_marker_move -id  Wave.1 C1 307
gui_marker_move -id  Wave.1 C1 318
gui_sim_restart
gui_wv_scrollleft -id  Wave.1  page
gui_wv_scroll_hslidermove -id  Wave.1 0
gui_wv_scroll_hslidermove -id  Wave.1 0
gui_list_select -id Wave.1 -selected  { task1_test.error   }
gui_list_select -id Wave.1 -selected  { task1_test.found_it   }
gui_list_select -id Wave.1 -selected  { task1_test.pattern_end   }
gui_list_select -id Wave.1 -selected  { task1_test.found_it   }
gui_sim_continue  
gui_wv_scrollleft -id  Wave.1  page
gui_wv_scrollright -id  Wave.1  page
gui_list_select -id Wave.1 -selected  { task1_test.isRep   }
gui_get_drivers -id Wave.1 -signal task1_test.isRep
gui_list_select -id Wave.1 -selected  { task1_test.pattern_end   }
gui_list_select -id Wave.1 -selected  { task1_test.isRep   }
gui_get_drivers -id Wave.1 -signal task1_test.isRep
gui_close_window -window TopLevel.2
